<?xml version="1.0" encoding="UTF-8"?>
<!-- Generated by org.testng.reporters.JUnitReportReporter -->
<testsuite hostname="DESKTOP-P5O4PL6" failures="0" tests="1" name="com.gur99Customer.testCases.ValidateHome" time="25.432" errors="0" timestamp="2020-07-05T20:30:16 IST" skipped="0">
  <testcase classname="com.gur99Customer.testCases.ValidateHome" name="homeVal" time="25.432"/>
</testsuite> <!-- com.gur99Customer.testCases.ValidateHome -->
