<?xml version="1.0" encoding="UTF-8"?>
<!-- Generated by org.testng.reporters.JUnitReportReporter -->
<testsuite hostname="DESKTOP-P5O4PL6" failures="0" tests="1" name="com.gur99Customer.testCases.Login" time="32.677" errors="0" timestamp="2020-07-06T10:49:39 IST" skipped="0">
  <testcase classname="com.gur99Customer.testCases.Login" name="loginPage" time="32.677"/>
</testsuite> <!-- com.gur99Customer.testCases.Login -->
